CREATE TABLE students
INSERT INTO students
DELETE FROM students
SELECT * FROM students
FILTER on age > 18
PROJECT columns
INSERT INTO test_table
INSERT INTO users
SELECT * FROM users
INSERT INTO users
SELECT * FROM users
INSERT INTO users
SELECT * FROM users
INSERT INTO users
SELECT * FROM users
INSERT INTO users
SELECT * FROM users
INSERT INTO users
SELECT * FROM users
DELETE FROM users WHERE Alice
SELECT * FROM users
CREATE TABLE users
INSERT INTO users
SELECT * FROM users
SELECT * FROM users
SELECT * FROM users
DELETE FROM users WHERE name = Alice
SELECT * FROM users
CREATE TABLE users
INSERT INTO users
SELECT * FROM users
SELECT * FROM users
SELECT * FROM users
DELETE FROM users WHERE name = Alice
SELECT * FROM users
CREATE TABLE users
INSERT INTO users
SELECT * FROM users
SELECT * FROM users
SELECT * FROM users
DELETE FROM users WHERE name = Alice
SELECT * FROM users
CREATE TABLE users
INSERT INTO users
SELECT * FROM users
SELECT * FROM users
SELECT * FROM users
DELETE FROM users WHERE name = Alice
SELECT * FROM users
CREATE TABLE students
INSERT INTO students
INSERT INTO students
INSERT INTO students
SELECT * FROM students
FILTER on age>18
PROJECT columns
SELECT * FROM students
DELETE FROM students WHERE id=2
SELECT * FROM students
CREATE TABLE students
INSERT INTO students
INSERT INTO students
INSERT INTO students
SELECT * FROM students
FILTER on age>18
PROJECT columns
SELECT * FROM students
DELETE FROM students WHERE id=2
SELECT * FROM students
CREATE TABLE students
INSERT INTO students
INSERT INTO students
INSERT INTO students
SELECT * FROM students
FILTER on age>18
PROJECT columns
SELECT * FROM students
DELETE FROM students WHERE id=2
SELECT * FROM students
CREATE TABLE students
INSERT INTO students
INSERT INTO students
INSERT INTO students
SELECT * FROM students
FILTER on age>18
PROJECT columns
SELECT * FROM students
DELETE FROM students WHERE id=2
SELECT * FROM students
CREATE TABLE students
INSERT INTO students
INSERT INTO students
INSERT INTO students
SELECT * FROM students
FILTER on age>18
PROJECT columns
SELECT * FROM students
DELETE FROM students WHERE id=2
SELECT * FROM students
CREATE TABLE students
INSERT INTO students
INSERT INTO students
INSERT INTO students
SELECT * FROM students
FILTER on age>18
PROJECT columns
SELECT * FROM students
DELETE FROM students WHERE id=2
SELECT * FROM students
CREATE TABLE students
INSERT INTO students
INSERT INTO students
INSERT INTO students
SELECT * FROM students
FILTER on age>18
PROJECT columns
SELECT * FROM students
DELETE FROM students WHERE id=2
SELECT * FROM students
CREATE TABLE students
INSERT INTO students
INSERT INTO students
INSERT INTO students
SELECT * FROM students
FILTER on age>18
PROJECT columns
SELECT * FROM students
DELETE FROM students WHERE id=2
SELECT * FROM students
CREATE TABLE students
INSERT INTO students
INSERT INTO students
INSERT INTO students
SELECT * FROM students
FILTER on age>18
PROJECT columns
SELECT * FROM students
DELETE FROM students WHERE id=2
SELECT * FROM students
CREATE TABLE students
INSERT INTO students
INSERT INTO students
INSERT INTO students
SELECT * FROM students
FILTER on age>18
PROJECT columns
SELECT * FROM students
DELETE FROM students WHERE id=2
SELECT * FROM students
CREATE TABLE students
INSERT INTO students
INSERT INTO students
INSERT INTO students
SELECT * FROM students
FILTER on age>18
PROJECT columns
SELECT * FROM students
DELETE FROM students WHERE id=2
SELECT * FROM students
CREATE TABLE students
INSERT INTO students
INSERT INTO students
INSERT INTO students
SELECT * FROM students
FILTER on age>18
PROJECT columns
SELECT * FROM students
DELETE FROM students WHERE id=2
SELECT * FROM students
CREATE TABLE students
INSERT INTO students
INSERT INTO students
INSERT INTO students
SELECT * FROM students
CREATE TABLE students
INSERT INTO students
INSERT INTO students
INSERT INTO students
SELECT * FROM students
CREATE TABLE students
INSERT INTO students
INSERT INTO students
INSERT INTO students
SELECT * FROM students
CREATE TABLE students
INSERT INTO students
INSERT INTO students
INSERT INTO students
SELECT * FROM students
FILTER on age>18
PROJECT columns
SELECT * FROM students
DELETE FROM students WHERE id=2
SELECT * FROM students
CREATE TABLE students
INSERT INTO students
INSERT INTO students
INSERT INTO students
SELECT * FROM students
FILTER on age>18
PROJECT columns
SELECT * FROM students
DELETE FROM students WHERE id=2
SELECT * FROM students
CREATE TABLE students
INSERT INTO students
INSERT INTO students
INSERT INTO students
SELECT * FROM students
FILTER on age>18
PROJECT columns
SELECT * FROM students
DELETE FROM students WHERE id=2
SELECT * FROM students
CREATE TABLE students
INSERT INTO students
INSERT INTO students
INSERT INTO students
SELECT * FROM students
FILTER on age>18
PROJECT columns
SELECT * FROM students
DELETE FROM students WHERE id=2
SELECT * FROM students
CREATE TABLE students
INSERT INTO students
INSERT INTO students
INSERT INTO students
SELECT * FROM students
FILTER on age>18
PROJECT columns
SELECT * FROM students
DELETE FROM students WHERE id=2
SELECT * FROM students
CREATE TABLE students
INSERT INTO students
INSERT INTO students
INSERT INTO students
SELECT * FROM students
FILTER on age>18
PROJECT columns
SELECT * FROM students
DELETE FROM students WHERE id=2
SELECT * FROM students
CREATE TABLE students
INSERT INTO students
INSERT INTO students
INSERT INTO students
SELECT * FROM students
FILTER on age>18
PROJECT columns
SELECT * FROM students
DELETE FROM students WHERE id=2
SELECT * FROM students
CREATE TABLE students
INSERT INTO students
INSERT INTO students
INSERT INTO students
SELECT * FROM students
FILTER on age>18
PROJECT columns
SELECT * FROM students
DELETE FROM students WHERE id=2
SELECT * FROM students
CREATE TABLE students
INSERT INTO students
INSERT INTO students
INSERT INTO students
SELECT * FROM students
FILTER on age>18
PROJECT columns
SELECT * FROM students
DELETE FROM students WHERE id=2
SELECT * FROM students
CREATE TABLE students
INSERT INTO students
INSERT INTO students
INSERT INTO students
SELECT * FROM students
FILTER on age>18
PROJECT columns
SELECT * FROM students
DELETE FROM students WHERE id=2
SELECT * FROM students
CREATE TABLE students
INSERT INTO students
INSERT INTO students
INSERT INTO students
SELECT * FROM students
FILTER on age>18
PROJECT columns
SELECT * FROM students
DELETE FROM students WHERE id=2
SELECT * FROM students
CREATE TABLE students
INSERT INTO students
INSERT INTO students
INSERT INTO students
SELECT * FROM students
FILTER on age>18
PROJECT columns
SELECT * FROM students
DELETE FROM students WHERE id=2
SELECT * FROM students
CREATE TABLE students
INSERT INTO students
INSERT INTO students
INSERT INTO students
SELECT * FROM students
FILTER on age>18
PROJECT columns
SELECT * FROM students
DELETE FROM students WHERE id=2
SELECT * FROM students
CREATE TABLE students
INSERT INTO students
INSERT INTO students
INSERT INTO students
SELECT * FROM students
FILTER on age>18
PROJECT columns
SELECT * FROM students
DELETE FROM students WHERE id=2
SELECT * FROM students
CREATE TABLE students
INSERT INTO students
INSERT INTO students
INSERT INTO students
SELECT * FROM students
FILTER on age>18
PROJECT columns
SELECT * FROM students
DELETE FROM students WHERE id=2
SELECT * FROM students
CREATE TABLE students
INSERT INTO students
INSERT INTO students
INSERT INTO students
SELECT * FROM students
FILTER on age>18
PROJECT columns
SELECT * FROM students
DELETE FROM students WHERE id=2
SELECT * FROM students
CREATE TABLE students
INSERT INTO students
INSERT INTO students
INSERT INTO students
SELECT * FROM students
FILTER on age>18
PROJECT columns
SELECT * FROM students
DELETE FROM students WHERE id=2
SELECT * FROM students
[2025-09-10 23:45:19.996] [INFO] CREATE TABLE students
[2025-09-10 23:45:20.000] [INFO] INSERT INTO students
[2025-09-10 23:45:20.001] [INFO] INSERT INTO students
[2025-09-10 23:45:20.002] [INFO] INSERT INTO students
[2025-09-10 23:45:20.002] [INFO] SELECT * FROM students
[2025-09-10 23:45:20.007] [INFO] FILTER on age>18
[2025-09-10 23:45:20.011] [INFO] PROJECT columns
[2025-09-10 23:45:20.016] [INFO] SELECT * FROM students
[2025-09-10 23:45:20.021] [INFO] DELETE FROM students WHERE id=2
[2025-09-10 23:45:20.026] [INFO] SELECT * FROM students
[2025-09-11 11:22:11.244] [INFO] CREATE TABLE users
[2025-09-11 11:22:11.271] [INFO] INSERT INTO users
[2025-09-11 11:22:11.295] [INFO] SELECT * FROM users
[2025-09-11 11:22:11.319] [INFO] DELETE FROM users WHERE id = 1
[2025-09-11 08:33:28.295] [INFO] CREATE TABLE students
[2025-09-11 08:33:28.312] [INFO] INSERT INTO students
[2025-09-11 08:33:28.312] [INFO] INSERT INTO students
[2025-09-11 08:33:28.313] [INFO] INSERT INTO students
[2025-09-11 08:33:28.314] [INFO] SELECT * FROM students
[2025-09-11 08:33:28.320] [INFO] FILTER on age>18
[2025-09-11 08:33:28.327] [INFO] PROJECT columns
[2025-09-11 08:33:28.333] [INFO] SELECT * FROM students
[2025-09-11 08:33:28.342] [INFO] DELETE FROM students WHERE id=2
[2025-09-11 08:33:28.347] [INFO] SELECT * FROM students
[2025-09-11 10:14:29.812] [INFO] CREATE TABLE students
[2025-09-11 10:14:29.814] [INFO] INSERT INTO students
[2025-09-11 10:14:29.815] [INFO] INSERT INTO students
[2025-09-11 10:14:29.815] [INFO] INSERT INTO students
[2025-09-11 10:14:29.816] [INFO] SELECT * FROM students
[2025-09-11 10:14:29.823] [INFO] FILTER on age>18
[2025-09-11 10:14:29.831] [INFO] PROJECT columns
[2025-09-11 10:14:29.838] [INFO] SELECT * FROM students
[2025-09-11 10:14:29.843] [INFO] DELETE FROM students WHERE id=2
[2025-09-11 10:14:29.849] [INFO] SELECT * FROM students
[2025-09-11 20:59:36.423] [INFO] CREATE TABLE students
[2025-09-11 20:59:36.426] [INFO] INSERT INTO students
[2025-09-11 20:59:36.427] [INFO] INSERT INTO students
[2025-09-11 20:59:36.428] [INFO] INSERT INTO students
[2025-09-11 20:59:36.429] [INFO] SELECT * FROM students
[2025-09-11 20:59:36.434] [INFO] FILTER on age>18
[2025-09-11 20:59:36.439] [INFO] PROJECT columns
[2025-09-11 20:59:36.444] [INFO] SELECT * FROM students
[2025-09-11 20:59:36.450] [INFO] DELETE FROM students WHERE id=2
[2025-09-11 20:59:36.455] [INFO] SELECT * FROM students
